d:\socket\client\x64\debug\client.pch
d:\socket\client\x64\debug\vc142.pdb
d:\socket\client\x64\debug\vc142.idb
d:\socket\client\x64\debug\pch.obj
d:\socket\client\x64\debug\clientcontrol.obj
d:\socket\client\x64\debug\clientdlg.obj
d:\socket\client\x64\debug\client.obj
d:\socket\x64\debug\client.exe
d:\socket\x64\debug\client.ilk
d:\socket\x64\debug\client.pdb
d:\socket\client\x64\debug\client.res
d:\socket\client\x64\debug\client.tlog\cl.command.1.tlog
d:\socket\client\x64\debug\client.tlog\cl.read.1.tlog
d:\socket\client\x64\debug\client.tlog\cl.write.1.tlog
d:\socket\client\x64\debug\client.tlog\link.command.1.tlog
d:\socket\client\x64\debug\client.tlog\link.read.1.tlog
d:\socket\client\x64\debug\client.tlog\link.write.1.tlog
d:\socket\client\x64\debug\client.tlog\rc.command.1.tlog
d:\socket\client\x64\debug\client.tlog\rc.read.1.tlog
d:\socket\client\x64\debug\client.tlog\rc.write.1.tlog
