d:\socket\server\x64\debug\server.pch
d:\socket\server\x64\debug\vc142.pdb
d:\socket\server\x64\debug\vc142.idb
d:\socket\server\x64\debug\pch.obj
d:\socket\server\x64\debug\serverdlg.obj
d:\socket\server\x64\debug\servercontrol.obj
d:\socket\server\x64\debug\server.obj
d:\socket\server\x64\debug\server.res
d:\socket\x64\debug\server.pdb
d:\socket\x64\debug\server.exe
d:\socket\server\x64\debug\server.tlog\cl.command.1.tlog
d:\socket\server\x64\debug\server.tlog\cl.read.1.tlog
d:\socket\server\x64\debug\server.tlog\cl.write.1.tlog
d:\socket\server\x64\debug\server.tlog\link-cvtres.read.1.tlog
d:\socket\server\x64\debug\server.tlog\link-cvtres.write.1.tlog
d:\socket\server\x64\debug\server.tlog\link-mt.read.1.tlog
d:\socket\server\x64\debug\server.tlog\link-mt.write.1.tlog
d:\socket\server\x64\debug\server.tlog\link-rc.read.1.tlog
d:\socket\server\x64\debug\server.tlog\link-rc.write.1.tlog
d:\socket\server\x64\debug\server.tlog\link.command.1.tlog
d:\socket\server\x64\debug\server.tlog\link.read.1.tlog
d:\socket\server\x64\debug\server.tlog\link.write.1.tlog
d:\socket\server\x64\debug\server.tlog\rc.command.1.tlog
d:\socket\server\x64\debug\server.tlog\rc.read.1.tlog
d:\socket\server\x64\debug\server.tlog\rc.write.1.tlog
